<?xml version="1.0" encoding="UTF-8"?>
<testsuite name="twitterReaderTest" tests="4" skipped="0" failures="0" errors="0" timestamp="2019-01-27T18:34:05" hostname="Sophies-MacBook-Pro.local" time="0.007">
  <properties/>
  <testcase name="getURLs" classname="twitterReaderTest" time="0.005"/>
  <testcase name="getTopics" classname="twitterReaderTest" time="0.001"/>
  <testcase name="getMentions" classname="twitterReaderTest" time="0.001"/>
  <testcase name="getRetweet" classname="twitterReaderTest" time="0.0"/>
  <system-out><![CDATA[2URLs found
2Topics found
2Mentions found
]]></system-out>
  <system-err><![CDATA[]]></system-err>
</testsuite>
